AUTO ADVANCE COMMAND STARTED
Cycle 56 already synced to Assessment
Cycle 52 already synced to KRA Assignment By Lead
Cycle 57 already synced to Assessment
Cycle 54 already synced to KRA Assignment By Lead
Cycle 61 already synced to KRA Assignment By Lead
AUTO ADVANCE COMPLETED | 0 cycle(s) updated
AUTO ADVANCE COMMAND STARTED
Cycle 17: no active stage found
Cycle 47: no active stage found
Cycle 56 already synced to Assessment
Cycle 52 already synced to KRA Assignment By Lead
Cycle 53: no active stage found
Cycle 11: no active stage found
Cycle 58: no active stage found
Cycle 57 already synced to Assessment
Cycle 59: no active stage found
Cycle 54 already synced to KRA Assignment By Lead
Cycle 60: no active stage found
Cycle 61 already synced to KRA Assignment By Lead
AUTO ADVANCE COMPLETED | 0 cycle(s) updated
AUTO ADVANCE COMMAND STARTED
Cycle 17: no active stage found
Cycle 47: no active stage found
Cycle 56 already synced to Assessment
Cycle 52 already synced to KRA Assignment By Lead
Cycle 53: no active stage found
Cycle 11: no active stage found
Cycle 58: no active stage found
Cycle 57 already synced to Assessment
Cycle 59: no active stage found
Cycle 54 already synced to KRA Assignment By Lead
Cycle 60: no active stage found
Cycle 61 already synced to KRA Assignment By Lead
Cycle 62 already synced to KRA Assignment By Lead
AUTO ADVANCE COMPLETED | 0 cycle(s) updated
AUTO ADVANCE COMMAND STARTED
Cycle 17: no active stage found
Cycle 47: no active stage found
Cycle 56 already synced to Assessment
Cycle 61 already synced to KRA Assignment By Lead
Cycle 52 already synced to KRA Assignment By Lead
Cycle 53: no active stage found
Cycle 11: no active stage found
Cycle 58: no active stage found
Cycle 57 already synced to Assessment
Cycle 59: no active stage found
Cycle 54 already synced to KRA Assignment By Lead
Cycle 60: no active stage found
Cycle 62 already synced to KRA Assignment By Lead
AUTO ADVANCE COMPLETED | 0 cycle(s) updated
